TN:
SF:src/load-config.ts
FN:28,(anonymous_0)
FN:46,getDefaultConfig
FN:71,loadConfig
FN:104,(anonymous_3)
FNF:4
FNH:4
FNDA:30,(anonymous_0)
FNDA:8,getDefaultConfig
FNDA:43,loadConfig
FNDA:18,(anonymous_3)
DA:17,2
DA:29,30
DA:30,30
DA:31,30
DA:47,8
DA:75,43
DA:76,43
DA:79,43
DA:80,3
DA:83,40
DA:85,40
DA:88,34
DA:89,34
DA:91,7
DA:98,27
DA:99,27
DA:102,15
DA:103,15
DA:105,18
DA:106,18
DA:110,15
DA:117,28
DA:118,22
DA:122,6
LF:24
LH:24
BRDA:73,0,0,39
BRDA:79,1,0,3
BRDA:79,1,1,40
BRDA:105,2,0,17
BRDA:105,2,1,1
BRDA:117,3,0,22
BRDA:117,3,1,6
BRF:7
BRH:7
end_of_record
TN:
SF:src/migrate-config.ts
FN:63,detectVersion
FN:84,validateVersion
FN:123,migrateConfig
FN:166,createDeprecationWarning
FNF:4
FNH:4
FNDA:18,detectVersion
FNDA:31,validateVersion
FNDA:17,migrateConfig
FNDA:3,createDeprecationWarning
DA:19,2
DA:24,2
DA:64,18
DA:70,10
DA:71,10
DA:72,9
DA:75,9
DA:85,31
DA:86,5
DA:130,17
DA:132,17
DA:135,17
DA:136,14
DA:138,12
DA:142,12
DA:171,3
LF:16
LH:16
BRDA:64,0,0,10
BRDA:64,0,1,8
BRDA:65,1,0,18
BRDA:65,1,1,15
BRDA:65,1,2,14
BRDA:65,1,3,11
BRDA:71,2,0,9
BRDA:71,2,1,1
BRDA:85,3,0,5
BRDA:85,3,1,26
BRDA:125,4,0,6
BRDA:130,5,0,17
BRDA:130,5,1,8
BRDA:132,6,0,17
BRDA:132,6,1,8
BRF:15
BRH:15
end_of_record
TN:
SF:src/validate-config.ts
FN:648,validateConfig
FNF:1
FNH:1
FNDA:64,validateConfig
DA:15,4
DA:22,4
DA:29,4
DA:36,4
DA:43,4
DA:50,4
DA:61,4
DA:94,4
DA:112,4
DA:127,4
DA:166,4
DA:180,4
DA:203,4
DA:221,4
DA:253,4
DA:272,4
DA:291,4
DA:310,4
DA:327,4
DA:387,4
DA:436,4
DA:493,4
DA:535,4
DA:554,4
DA:592,4
DA:609,4
DA:649,64
LF:27
LH:27
BRF:0
BRH:0
end_of_record
TN:
SF:src/presets/default.ts
FNF:0
FNH:0
DA:17,4
LF:1
LH:1
BRF:0
BRH:0
end_of_record
TN:
SF:src/presets/enterprise.ts
FNF:0
FNH:0
DA:22,2
LF:1
LH:1
BRF:0
BRH:0
end_of_record
TN:
SF:src/presets/index.ts
FNF:0
FNH:0
DA:44,2
LF:1
LH:1
BRF:0
BRH:0
end_of_record
TN:
SF:src/presets/small-team.ts
FNF:0
FNH:0
DA:21,2
LF:1
LH:1
BRF:0
BRH:0
end_of_record
TN:
SF:src/presets/solo.ts
FNF:0
FNH:0
DA:21,2
LF:1
LH:1
BRF:0
BRH:0
end_of_record
