TN:
SF:src/load-config.ts
FN:23,(anonymous_0)
FN:43,getDefaultConfig
FN:68,loadConfig
FN:101,(anonymous_3)
FNF:4
FNH:4
FNDA:16,(anonymous_0)
FNDA:6,getDefaultConfig
FNDA:23,loadConfig
FNDA:11,(anonymous_3)
DA:17,1
DA:25,16
DA:27,16
DA:28,16
DA:44,6
DA:72,23
DA:73,23
DA:76,23
DA:77,2
DA:80,21
DA:82,21
DA:85,19
DA:86,19
DA:88,4
DA:95,15
DA:96,15
DA:99,10
DA:100,10
DA:102,11
DA:103,11
DA:107,10
DA:114,16
DA:115,14
DA:119,2
LF:24
LH:24
BRDA:70,0,0,20
BRDA:76,1,0,2
BRDA:76,1,1,21
BRDA:89,2,0,4
BRDA:89,2,1,0
BRDA:102,3,0,10
BRDA:102,3,1,1
BRDA:114,4,0,14
BRDA:114,4,1,2
BRDA:120,5,0,2
BRDA:120,5,1,0
BRF:11
BRH:9
end_of_record
TN:
SF:src/validate-config.ts
FN:648,validateConfig
FNF:1
FNH:1
FNDA:36,validateConfig
DA:15,2
DA:22,2
DA:29,2
DA:36,2
DA:43,2
DA:50,2
DA:61,2
DA:94,2
DA:112,2
DA:127,2
DA:166,2
DA:180,2
DA:203,2
DA:221,2
DA:253,2
DA:272,2
DA:291,2
DA:310,2
DA:327,2
DA:387,2
DA:436,2
DA:493,2
DA:535,2
DA:554,2
DA:592,2
DA:609,2
DA:649,36
LF:27
LH:27
BRF:0
BRH:0
end_of_record
TN:
SF:src/presets/default.ts
FNF:0
FNH:0
DA:17,1
LF:1
LH:1
BRF:0
BRH:0
end_of_record
